<?xml version="1.0" encoding="UTF-8"?>
<testng-results ignored="0" total="1" passed="1" failed="0" skipped="0">
  <reporter-output>
  </reporter-output>
  <suite started-at="2021-12-13T10:59:46 IST" name="Default suite" finished-at="2021-12-13T11:00:15 IST" duration-ms="28953">
    <groups>
    </groups>
    <test started-at="2021-12-13T10:59:46 IST" name="Default test" finished-at="2021-12-13T11:00:15 IST" duration-ms="28953">
      <class name="com.testcases.Testcase1">
        <test-method is-config="true" signature="setupsuite()[pri:0, instance:com.testcases.Testcase1@18b0930f]" started-at="2021-12-13T10:59:46 IST" name="setupsuite" finished-at="2021-12-13T10:59:46 IST" duration-ms="25" status="PASS">
          <reporter-output>
          </reporter-output>
        </test-method> <!-- setupsuite -->
        <test-method is-config="true" signature="setup()[pri:0, instance:com.testcases.Testcase1@18b0930f]" started-at="2021-12-13T10:59:46 IST" name="setup" finished-at="2021-12-13T11:00:01 IST" duration-ms="14337" status="PASS">
          <reporter-output>
          </reporter-output>
        </test-method> <!-- setup -->
        <test-method signature="loginApp()[pri:0, instance:com.testcases.Testcase1@18b0930f]" started-at="2021-12-13T11:00:01 IST" name="loginApp" finished-at="2021-12-13T11:00:07 IST" duration-ms="6377" status="PASS">
          <reporter-output>
          </reporter-output>
        </test-method> <!-- loginApp -->
        <test-method is-config="true" signature="tearDown()[pri:0, instance:com.testcases.Testcase1@18b0930f]" started-at="2021-12-13T11:00:07 IST" name="tearDown" finished-at="2021-12-13T11:00:15 IST" duration-ms="8181" status="PASS">
          <reporter-output>
          </reporter-output>
        </test-method> <!-- tearDown -->
      </class> <!-- com.testcases.Testcase1 -->
    </test> <!-- Default test -->
  </suite> <!-- Default suite -->
</testng-results>
